<?xml version="1.0" encoding="UTF-8"?>
<!-- Generated by org.testng.reporters.JUnitXMLReporter -->
<testsuite ignored="0" hostname="STREAMSOFT-0204" failures="0" tests="6" name="Default test" time="0.28" errors="0" timestamp="2021-03-17T11:19:26 CET">
  <testcase classname="test.CurrencyUtilTest" name="convertToPLNBasicTest" time="0.085"/>
  <testcase classname="test.CurrencyUtilTest" name="convertToPLNBasicTest" time="0.031"/>
  <testcase classname="test.CurrencyUtilTest" name="convertToPLNBasicTest" time="0.033"/>
  <testcase classname="test.CurrencyUtilTest" name="convertToPLNonWeekendTest" time="0.03"/>
  <testcase classname="test.CurrencyUtilTest" name="convertToPLNonWeekendTest" time="0.031"/>
  <testcase classname="test.CurrencyUtilTest" name="convertToPLNonWeekendTest" time="0.04"/>
</testsuite> <!-- Default test -->
