<?xml version="1.0" encoding="UTF-8"?>
<!-- Generated by org.testng.reporters.JUnitXMLReporter -->
<testsuite ignored="0" hostname="STREAMSOFT-0204" failures="0" tests="6" name="Default test" time="0.299" errors="0" timestamp="2021-03-17T12:08:00 CET">
  <testcase classname="test.CurrencyUtilTest" name="convertToPLNBasicTest" time="0.11"/>
  <testcase classname="test.CurrencyUtilTest" name="convertToPLNBasicTest" time="0.033"/>
  <testcase classname="test.CurrencyUtilTest" name="convertToPLNBasicTest" time="0.024"/>
  <testcase classname="test.CurrencyUtilTest" name="convertToPLNOnWeekendTest" time="0.033"/>
  <testcase classname="test.CurrencyUtilTest" name="convertToPLNOnWeekendTest" time="0.03"/>
  <testcase classname="test.CurrencyUtilTest" name="convertToPLNOnWeekendTest" time="0.029"/>
</testsuite> <!-- Default test -->
