<?xml version="1.0" encoding="UTF-8"?>
<testng-results ignored="0" total="6" passed="6" failed="0" skipped="0">
  <reporter-output>
  </reporter-output>
  <suite started-at="2021-03-17T12:08:00 CET" name="Default suite" finished-at="2021-03-17T12:08:00 CET" duration-ms="299">
    <groups>
    </groups>
    <test started-at="2021-03-17T12:08:00 CET" name="Default test" finished-at="2021-03-17T12:08:00 CET" duration-ms="299">
      <class name="test.CurrencyUtilTest">
        <test-method signature="convertToPLNBasicTest(java.math.BigDecimal,model.CurrencyCode,java.time.LocalDate,java.math.BigDecimal)[pri:0, instance:test.CurrencyUtilTest@68c72235]" started-at="2021-03-17T12:08:00 CET" name="convertToPLNBasicTest" data-provider="testData" finished-at="2021-03-17T12:08:00 CET" duration-ms="110" status="PASS">
          <params>
            <param index="0">
              <value>
                <![CDATA[1000]]>
              </value>
            </param>
            <param index="1">
              <value>
                <![CDATA[USD]]>
              </value>
            </param>
            <param index="2">
              <value>
                <![CDATA[2021-03-16]]>
              </value>
            </param>
            <param index="3">
              <value>
                <![CDATA[3851.90]]>
              </value>
            </param>
          </params>
          <reporter-output>
          </reporter-output>
        </test-method> <!-- convertToPLNBasicTest -->
        <test-method signature="convertToPLNBasicTest(java.math.BigDecimal,model.CurrencyCode,java.time.LocalDate,java.math.BigDecimal)[pri:0, instance:test.CurrencyUtilTest@68c72235]" started-at="2021-03-17T12:08:00 CET" name="convertToPLNBasicTest" data-provider="testData" finished-at="2021-03-17T12:08:00 CET" duration-ms="33" status="PASS">
          <params>
            <param index="0">
              <value>
                <![CDATA[213]]>
              </value>
            </param>
            <param index="1">
              <value>
                <![CDATA[JPY]]>
              </value>
            </param>
            <param index="2">
              <value>
                <![CDATA[2019-10-10]]>
              </value>
            </param>
            <param index="3">
              <value>
                <![CDATA[7.77]]>
              </value>
            </param>
          </params>
          <reporter-output>
          </reporter-output>
        </test-method> <!-- convertToPLNBasicTest -->
        <test-method signature="convertToPLNBasicTest(java.math.BigDecimal,model.CurrencyCode,java.time.LocalDate,java.math.BigDecimal)[pri:0, instance:test.CurrencyUtilTest@68c72235]" started-at="2021-03-17T12:08:00 CET" name="convertToPLNBasicTest" data-provider="testData" finished-at="2021-03-17T12:08:00 CET" duration-ms="24" status="PASS">
          <params>
            <param index="0">
              <value>
                <![CDATA[1275.35]]>
              </value>
            </param>
            <param index="1">
              <value>
                <![CDATA[HUF]]>
              </value>
            </param>
            <param index="2">
              <value>
                <![CDATA[2012-12-12]]>
              </value>
            </param>
            <param index="3">
              <value>
                <![CDATA[18.47]]>
              </value>
            </param>
          </params>
          <reporter-output>
          </reporter-output>
        </test-method> <!-- convertToPLNBasicTest -->
        <test-method signature="convertToPLNOnWeekendTest(java.math.BigDecimal,model.CurrencyCode,java.time.LocalDate,java.math.BigDecimal)[pri:0, instance:test.CurrencyUtilTest@68c72235]" started-at="2021-03-17T12:08:00 CET" name="convertToPLNOnWeekendTest" data-provider="testDataWeekend" finished-at="2021-03-17T12:08:00 CET" duration-ms="33" status="PASS">
          <params>
            <param index="0">
              <value>
                <![CDATA[312.45]]>
              </value>
            </param>
            <param index="1">
              <value>
                <![CDATA[USD]]>
              </value>
            </param>
            <param index="2">
              <value>
                <![CDATA[2021-03-06]]>
              </value>
            </param>
            <param index="3">
              <value>
                <![CDATA[1199.58]]>
              </value>
            </param>
          </params>
          <reporter-output>
          </reporter-output>
        </test-method> <!-- convertToPLNOnWeekendTest -->
        <test-method signature="convertToPLNOnWeekendTest(java.math.BigDecimal,model.CurrencyCode,java.time.LocalDate,java.math.BigDecimal)[pri:0, instance:test.CurrencyUtilTest@68c72235]" started-at="2021-03-17T12:08:00 CET" name="convertToPLNOnWeekendTest" data-provider="testDataWeekend" finished-at="2021-03-17T12:08:00 CET" duration-ms="30" status="PASS">
          <params>
            <param index="0">
              <value>
                <![CDATA[213]]>
              </value>
            </param>
            <param index="1">
              <value>
                <![CDATA[EUR]]>
              </value>
            </param>
            <param index="2">
              <value>
                <![CDATA[2019-10-27]]>
              </value>
            </param>
            <param index="3">
              <value>
                <![CDATA[910.83]]>
              </value>
            </param>
          </params>
          <reporter-output>
          </reporter-output>
        </test-method> <!-- convertToPLNOnWeekendTest -->
        <test-method signature="convertToPLNOnWeekendTest(java.math.BigDecimal,model.CurrencyCode,java.time.LocalDate,java.math.BigDecimal)[pri:0, instance:test.CurrencyUtilTest@68c72235]" started-at="2021-03-17T12:08:00 CET" name="convertToPLNOnWeekendTest" data-provider="testDataWeekend" finished-at="2021-03-17T12:08:00 CET" duration-ms="29" status="PASS">
          <params>
            <param index="0">
              <value>
                <![CDATA[1275.35]]>
              </value>
            </param>
            <param index="1">
              <value>
                <![CDATA[HUF]]>
              </value>
            </param>
            <param index="2">
              <value>
                <![CDATA[2012-12-12]]>
              </value>
            </param>
            <param index="3">
              <value>
                <![CDATA[18.47]]>
              </value>
            </param>
          </params>
          <reporter-output>
          </reporter-output>
        </test-method> <!-- convertToPLNOnWeekendTest -->
      </class> <!-- test.CurrencyUtilTest -->
    </test> <!-- Default test -->
  </suite> <!-- Default suite -->
</testng-results>
