<?xml version="1.0" encoding="UTF-8"?>
<!-- Generated by org.testng.reporters.JUnitReportReporter -->
<testsuite hostname="STREAMSOFT-0204" failures="0" tests="6" name="test.CurrencyUtilTest" time="0.250" errors="0" timestamp="2021-03-17T11:19:26 CET" skipped="0">
  <testcase classname="test.CurrencyUtilTest" name="convertToPLNBasicTest" time="0.031"/>
  <system-out/>
  <testcase classname="test.CurrencyUtilTest" name="convertToPLNonWeekendTest" time="0.040"/>
  <system-out/>
  <testcase classname="test.CurrencyUtilTest" name="convertToPLNonWeekendTest" time="0.030"/>
  <system-out/>
  <testcase classname="test.CurrencyUtilTest" name="convertToPLNonWeekendTest" time="0.031"/>
  <system-out/>
  <testcase classname="test.CurrencyUtilTest" name="convertToPLNBasicTest" time="0.033"/>
  <system-out/>
  <testcase classname="test.CurrencyUtilTest" name="convertToPLNBasicTest" time="0.085"/>
  <system-out/>
</testsuite> <!-- test.CurrencyUtilTest -->
