<?xml version="1.0" encoding="UTF-8"?>
<!-- Generated by org.testng.reporters.JUnitReportReporter -->
<testsuite hostname="STREAMSOFT-0204" failures="0" tests="6" name="test.CurrencyUtilTest" time="0.259" errors="0" timestamp="2021-03-17T12:08:00 CET" skipped="0">
  <testcase classname="test.CurrencyUtilTest" name="convertToPLNBasicTest" time="0.033"/>
  <system-out/>
  <testcase classname="test.CurrencyUtilTest" name="convertToPLNOnWeekendTest" time="0.029"/>
  <system-out/>
  <testcase classname="test.CurrencyUtilTest" name="convertToPLNOnWeekendTest" time="0.033"/>
  <system-out/>
  <testcase classname="test.CurrencyUtilTest" name="convertToPLNOnWeekendTest" time="0.030"/>
  <system-out/>
  <testcase classname="test.CurrencyUtilTest" name="convertToPLNBasicTest" time="0.024"/>
  <system-out/>
  <testcase classname="test.CurrencyUtilTest" name="convertToPLNBasicTest" time="0.110"/>
  <system-out/>
</testsuite> <!-- test.CurrencyUtilTest -->
